l:\vip15 c++\day5\x64\debug\vc143.pdb
l:\vip15 c++\day5\x64\debug\vc143.idb
l:\vip15 c++\day5\x64\debug\登录窗口封装.obj
l:\vip15 c++\day5\x64\debug\信息注册窗口.obj
l:\vip15 c++\day5\x64\debug\timer.obj
l:\vip15 c++\day5\x64\debug\register.obj
l:\vip15 c++\day5\x64\debug\rect.obj
l:\vip15 c++\day5\x64\debug\login.obj
l:\vip15 c++\day5\x64\debug\label.obj
l:\vip15 c++\day5\x64\debug\edit.obj
l:\vip15 c++\day5\x64\debug\curcos.obj
l:\vip15 c++\day5\x64\debug\button.obj
l:\vip15 c++\day5\x64\debug\day5.exe
l:\vip15 c++\day5\x64\debug\day5.ilk
l:\vip15 c++\day5\x64\debug\day5.pdb
l:\vip15 c++\day5\x64\debug\day5.tlog\cl.command.1.tlog
l:\vip15 c++\day5\x64\debug\day5.tlog\cl.read.1.tlog
l:\vip15 c++\day5\x64\debug\day5.tlog\cl.write.1.tlog
l:\vip15 c++\day5\x64\debug\day5.tlog\link.command.1.tlog
l:\vip15 c++\day5\x64\debug\day5.tlog\link.read.1.tlog
l:\vip15 c++\day5\x64\debug\day5.tlog\link.write.1.tlog
