  button.cpp
F:\visual studio\VC\Auxiliary\VS\include\graphics.h(1,1): warning C4828: 文件包含在偏移 0x19d3 处开始的字符，该字符在当前源字符集中无效(代码页 936)。
  button.h
F:\visual studio\VC\Auxiliary\VS\include\graphics.h(1,1): warning C4828: 文件包含在偏移 0x19d3 处开始的字符，该字符在当前源字符集中无效(代码页 936)。
  curcos.cpp
F:\visual studio\VC\Auxiliary\VS\include\graphics.h(1,1): warning C4828: 文件包含在偏移 0x19d3 处开始的字符，该字符在当前源字符集中无效(代码页 936)。
  edit.cpp
F:\visual studio\VC\Auxiliary\VS\include\graphics.h(1,1): warning C4828: 文件包含在偏移 0x19d3 处开始的字符，该字符在当前源字符集中无效(代码页 936)。
  Label.cpp
F:\visual studio\VC\Auxiliary\VS\include\graphics.h(1,1): warning C4828: 文件包含在偏移 0x19d3 处开始的字符，该字符在当前源字符集中无效(代码页 936)。
  login.cpp
F:\visual studio\VC\Auxiliary\VS\include\graphics.h(1,1): warning C4828: 文件包含在偏移 0x19d3 处开始的字符，该字符在当前源字符集中无效(代码页 936)。
  rect.cpp
F:\visual studio\VC\Auxiliary\VS\include\graphics.h(1,1): warning C4828: 文件包含在偏移 0x19d3 处开始的字符，该字符在当前源字符集中无效(代码页 936)。
  register.cpp
F:\visual studio\VC\Auxiliary\VS\include\graphics.h(1,1): warning C4828: 文件包含在偏移 0x19d3 处开始的字符，该字符在当前源字符集中无效(代码页 936)。
  Timer.cpp
F:\visual studio\VC\Auxiliary\VS\include\graphics.h(1,1): warning C4828: 文件包含在偏移 0x19d3 处开始的字符，该字符在当前源字符集中无效(代码页 936)。
  Timer.h
F:\visual studio\VC\Auxiliary\VS\include\graphics.h(1,1): warning C4828: 文件包含在偏移 0x19d3 处开始的字符，该字符在当前源字符集中无效(代码页 936)。
  信息注册窗口.cpp
F:\visual studio\VC\Auxiliary\VS\include\graphics.h(1,1): warning C4828: 文件包含在偏移 0x19d3 处开始的字符，该字符在当前源字符集中无效(代码页 936)。
  登录窗口封装.cpp
F:\visual studio\VC\Auxiliary\VS\include\graphics.h(1,1): warning C4828: 文件包含在偏移 0x19d3 处开始的字符，该字符在当前源字符集中无效(代码页 936)。
  正在生成代码...
x64\Debug\button.obj : warning LNK4042: 对象被多次指定；已忽略多余的指定
x64\Debug\Timer.obj : warning LNK4042: 对象被多次指定；已忽略多余的指定
  Day5.vcxproj -> L:\Vip15 C++\Day5\x64\Debug\Day5.exe
